[debug] [2023-01-25T21:48:51.573Z] ----------------------------------------------------------------------
[debug] [2023-01-25T21:48:51.576Z] Command:       C:\Program Files\nodejs\node.exe C:\Users\Esteban\AppData\Roaming\npm\node_modules\firebase-tools\lib\bin\firebase.js init
[debug] [2023-01-25T21:48:51.577Z] CLI Version:   11.21.0
[debug] [2023-01-25T21:48:51.578Z] Platform:      win32
[debug] [2023-01-25T21:48:51.578Z] Node Version:  v18.13.0
[debug] [2023-01-25T21:48:51.580Z] Time:          Wed Jan 25 2023 18:48:51 GMT-0300 (hora estándar de Argentina)
[debug] [2023-01-25T21:48:51.580Z] ----------------------------------------------------------------------
[debug] 
[debug] [2023-01-25T21:48:51.597Z] > command requires scopes: ["email","openid","https://www.googleapis.com/auth/cloudplatformprojects.readonly","https://www.googleapis.com/auth/firebase","https://www.googleapis.com/auth/cloud-platform"]
[debug] [2023-01-25T21:48:51.598Z] > authorizing via signed-in user (estebankaraputny18@gmail.com)
[info] 
     ######## #### ########  ######## ########     ###     ######  ########
     ##        ##  ##     ## ##       ##     ##  ##   ##  ##       ##
     ######    ##  ########  ######   ########  #########  ######  ######
     ##        ##  ##    ##  ##       ##     ## ##     ##       ## ##
     ##       #### ##     ## ######## ########  ##     ##  ######  ########

You're about to initialize a Firebase project in this directory:

  C:\Users\Esteban\Desktop\Programar\Iniciatec - Dev Front-End\JavaScript\Modulo-Mobile\email and files m3task1\MDHL_Website del archivo Email and files m3task1

[info] 
=== Project Setup
[info] 
[info] First, let's associate this project directory with a Firebase project.
[info] You can create multiple project aliases by running firebase use --add, 
[info] but for now we'll just set up a default project.
[info] 
[debug] [2023-01-25T21:52:59.255Z] >>> [apiv2][query] GET https://firebase.googleapis.com/v1beta1/projects pageSize=100
[debug] [2023-01-25T21:53:00.253Z] <<< [apiv2][status] GET https://firebase.googleapis.com/v1beta1/projects 200
[debug] [2023-01-25T21:53:00.253Z] <<< [apiv2][body] GET https://firebase.googleapis.com/v1beta1/projects [omitted]
[info] i  Using project modulethree-responsive-desing (moduleThree-responsive-desing) 
[info] 
=== Hosting Setup
[info] 
[info] Your public directory is the folder (relative to your project directory) that
[info] will contain Hosting assets to be uploaded with firebase deploy. If you
[info] have a build process for your assets, use your build's output directory.
[info] 
[info] +  Wrote public/404.html 
[debug] [2023-01-25T21:53:40.748Z] >>> [apiv2][query] GET https://www.gstatic.com/firebasejs/releases.json [none]
[debug] [2023-01-25T21:53:40.818Z] <<< [apiv2][status] GET https://www.gstatic.com/firebasejs/releases.json 200
[debug] [2023-01-25T21:53:40.819Z] <<< [apiv2][body] GET https://www.gstatic.com/firebasejs/releases.json {"current":{"version":"9.16.0","browserURL":"https://www.gstatic.com/firebasejs/9.16.0/firebase.js","packageURL":"https://www.gstatic.com/firebasejs/9.16.0/firebase.tgz"},"live":{"version":"9.16","browserURL":"https://www.gstatic.com/firebasejs/live/9.16/firebase.js","packageURL":"https://www.gstatic.com/firebasejs/live/9.16/firebase.tgz"},"components":{"analytics":"https://www.gstatic.com/firebasejs/9.16.0/firebase-analytics.js","app":"https://www.gstatic.com/firebasejs/9.16.0/firebase-app.js","app-check":"https://www.gstatic.com/firebasejs/9.16.0/firebase-app-check.js","auth":"https://www.gstatic.com/firebasejs/9.16.0/firebase-auth.js","auth/cordova":"https://www.gstatic.com/firebasejs/9.16.0/firebase-auth/cordova.js","auth/react-native":"https://www.gstatic.com/firebasejs/9.16.0/firebase-auth/react-native.js","functions":"https://www.gstatic.com/firebasejs/9.16.0/firebase-functions.js","firestore":"https://www.gstatic.com/firebasejs/9.16.0/firebase-firestore.js","firestore/lite":"https://www.gstatic.com/firebasejs/9.16.0/firebase-firestore/lite.js","installations":"https://www.gstatic.com/firebasejs/9.16.0/firebase-installations.js","storage":"https://www.gstatic.com/firebasejs/9.16.0/firebase-storage.js","performance":"https://www.gstatic.com/firebasejs/9.16.0/firebase-performance.js","remote-config":"https://www.gstatic.com/firebasejs/9.16.0/firebase-remote-config.js","messaging":"https://www.gstatic.com/firebasejs/9.16.0/firebase-messaging.js","messaging/sw":"https://www.gstatic.com/firebasejs/9.16.0/firebase-messaging/sw.js","database":"https://www.gstatic.com/firebasejs/9.16.0/firebase-database.js","firestore.memory":"https://www.gstatic.com/firebasejs/9.16.0/firebase-firestore.memory.js"}}
[info] +  Wrote public/index.html 
[info] 
[info] i  Detected a .git folder at C:\Users\Esteban\Desktop\Programar\Iniciatec - Dev Front-End\JavaScript\Modulo-Mobile\email and files m3task1\MDHL_Website del archivo Email and files m3task1 
[info] i  Authorizing with GitHub to upload your service account to a GitHub repository's secrets store. 
[info] 
[info] Visit this URL on this device to log in:
[info] https://github.com/login/oauth/authorize?client_id=89cf50f02ac6aaed3484&state=970719965&redirect_uri=http%3A%2F%2Flocalhost%3A9005&scope=read%3Auser%20repo%20public_repo
[info] 
[info] Waiting for authentication...
[debug] [2023-01-25T21:53:55.243Z] >>> [apiv2][query] POST https://github.com/login/oauth/access_token [none]
[debug] [2023-01-25T21:53:55.243Z] >>> [apiv2][body] POST https://github.com/login/oauth/access_token [stream]
[debug] [2023-01-25T21:53:55.771Z] <<< [apiv2][status] POST https://github.com/login/oauth/access_token 200
[debug] [2023-01-25T21:53:55.772Z] <<< [apiv2][body] POST https://github.com/login/oauth/access_token {"access_token":"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","token_type":"bearer","scope":"read:user,repo"}
[debug] [2023-01-25T21:53:55.798Z] >>> [apiv2][query] GET https://api.github.com/user [none]
[debug] [2023-01-25T21:53:56.250Z] <<< [apiv2][status] GET https://api.github.com/user 200
[debug] [2023-01-25T21:53:56.250Z] <<< [apiv2][body] GET https://api.github.com/user {"login":"estebankaraputny","id":113394062,"node_id":"U_kgDOBsJBjg","avatar_url":"https://avatars.githubusercontent.com/u/113394062?v=4","gravatar_id":"","url":"https://api.github.com/users/estebankaraputny","html_url":"https://github.com/estebankaraputny","followers_url":"https://api.github.com/users/estebankaraputny/followers","following_url":"https://api.github.com/users/estebankaraputny/following{/other_user}","gists_url":"https://api.github.com/users/estebankaraputny/gists{/gist_id}","starred_url":"https://api.github.com/users/estebankaraputny/starred{/owner}{/repo}","subscriptions_url":"https://api.github.com/users/estebankaraputny/subscriptions","organizations_url":"https://api.github.com/users/estebankaraputny/orgs","repos_url":"https://api.github.com/users/estebankaraputny/repos","events_url":"https://api.github.com/users/estebankaraputny/events{/privacy}","received_events_url":"https://api.github.com/users/estebankaraputny/received_events","type":"User","site_admin":false,"name":"Esteban Karaputny","company":null,"blog":"","location":"Buenos Aires - Argentina","email":null,"hireable":null,"bio":"Front-End Developer ","twitter_username":null,"public_repos":33,"public_gists":0,"followers":1,"following":2,"created_at":"2022-09-12T22:21:33Z","updated_at":"2023-01-14T18:18:31Z","private_gists":0,"total_private_repos":0,"owned_private_repos":0,"disk_usage":60549,"collaborators":0,"two_factor_authentication":false,"plan":{"name":"free","space":976562499,"collaborators":0,"private_repos":10000}}
[info] 
[info] +  Success! Logged into GitHub as estebankaraputny 
[info] 
